<?xml version="1.0" encoding="UTF-8"?>
<testsuite name="com.stephen.springboot.web.dto.HelloResponseDtoTest" tests="1" skipped="0" failures="0" errors="0" timestamp="2020-09-01T07:12:43" hostname="kitt-29" time="0.039">
  <properties/>
  <testcase name="롬복_기능_테스트" classname="com.stephen.springboot.web.dto.HelloResponseDtoTest" time="0.039"/>
  <system-out><![CDATA[dto.getName() = test
dto.getAmount() = 1000
]]></system-out>
  <system-err><![CDATA[]]></system-err>
</testsuite>
